<?xml version="1.0" encoding="UTF-8"?>
<!-- Generated by org.testng.reporters.JUnitReportReporter -->
<testsuite skipped="0" hostname="DESKTOP-7G8TFB3" name="TestDataDrivenJiPath" tests="15" failures="0" timestamp="2021-12-10T17:04:35 CST" time="0.023" errors="0">
  <testcase name="test" time="0.001" classname="TestDataDrivenJiPath"/>
  <system-out/>
  <testcase name="test" time="0.000" classname="TestDataDrivenJiPath"/>
  <system-out/>
  <testcase name="test" time="0.002" classname="TestDataDrivenJiPath"/>
  <system-out/>
  <testcase name="test" time="0.001" classname="TestDataDrivenJiPath"/>
  <system-out/>
  <testcase name="test" time="0.001" classname="TestDataDrivenJiPath"/>
  <system-out/>
  <testcase name="test" time="0.002" classname="TestDataDrivenJiPath"/>
  <system-out/>
  <testcase name="test" time="0.001" classname="TestDataDrivenJiPath"/>
  <system-out/>
  <testcase name="test" time="0.000" classname="TestDataDrivenJiPath"/>
  <system-out/>
  <testcase name="test" time="0.001" classname="TestDataDrivenJiPath"/>
  <system-out/>
  <testcase name="test" time="0.000" classname="TestDataDrivenJiPath"/>
  <system-out/>
  <testcase name="test" time="0.002" classname="TestDataDrivenJiPath"/>
  <system-out/>
  <testcase name="test" time="0.001" classname="TestDataDrivenJiPath"/>
  <system-out/>
  <testcase name="test" time="0.005" classname="TestDataDrivenJiPath"/>
  <system-out/>
  <testcase name="test" time="0.000" classname="TestDataDrivenJiPath"/>
  <system-out/>
  <testcase name="test" time="0.006" classname="TestDataDrivenJiPath"/>
  <system-out/>
</testsuite> <!-- TestDataDrivenJiPath -->
